Drill report for C:\Users\praja\Documents\GitHub\zs1100a\Hardware\PCB\KiCAD\PC-1100X.kicad_pcb
Created on 12/6/2020 10:31:21 AM

Copper Layer Stackup:
    =============================================================
    L1 :  L1                        front
    L2 :  L2-GND                    in1
    L3 :  L3-PWR                    in2
    L4 :  L4                        back


Drill file 'PC-1100X-PTH.drl' contains
    plated through holes:
    =============================================================
    T1  0.20mm  0.008"  (17 holes)
    T2  0.30mm  0.012"  (217 holes)
    T3  0.40mm  0.016"  (171 holes)
    T4  0.50mm  0.020"  (30 holes)
    T5  0.60mm  0.024"  (35 holes)
    T6  0.75mm  0.030"  (3 holes)
    T7  0.80mm  0.031"  (3 holes)
    T8  0.90mm  0.035"  (2 holes)
    T9  0.92mm  0.036"  (4 holes)
    T10  1.00mm  0.039"  (11 holes)
    T11  1.10mm  0.043"  (5 holes)
    T12  1.20mm  0.047"  (14 holes)
    T13  1.60mm  0.063"  (5 holes)
    T14  2.30mm  0.091"  (2 holes)

    Total plated holes count 519


Drill file 'PC-1100X-NPTH.drl' contains
    unplated through holes:
    =============================================================
    T1  0.99mm  0.039"  (3 holes)
    T2  2.10mm  0.083"  (1 hole)
    T3  3.20mm  0.126"  (3 holes)

    Total unplated holes count 7
